
  Dropping all tables  138.29ms DONE

   INFO  Preparing database.  

  Creating migration table  24.92ms DONE

   INFO  Running migrations.  

  0001_01_01_000000_create_users_table  119.49ms DONE
  0001_01_01_000001_create_cache_table  76.71ms DONE
  0001_01_01_000002_create_jobs_table  105.34ms DONE
  2026_02_02_230042_create_categorias_table  28.74ms DONE
  2026_02_02_230043_create_productos_table  106.53ms DONE
  2026_02_02_230044_create_transaccion_inventarios_table  156.14ms FAIL

   Illuminate\Database\QueryException 

  SQLSTATE[42000]: Syntax error or access violation: 1059 Identifier name 'transaccion_inventarios_transaccion_referencia_type_transaccion_referencia_id_index' is too long (Connection: mysql, Host: 127.0.0.1, Port: 3306, Database: semanur_app, SQL: alter table `transaccion_inventarios` add index `transaccion_inventarios_transaccion_referencia_type_transaccion_referencia_id_index`(`transaccion_referencia_type`, `transaccion_referencia_id`))

  at vendor\laravel\framework\src\Illuminate\Database\Connection.php:838
    834Ôûò             $exceptionType = $this->isUniqueConstraintError($e)
    835Ôûò                 ? UniqueConstraintViolationException::class
    836Ôûò                 : QueryException::class;
    837Ôûò 
  Ô×£ 838Ôûò             throw new $exceptionType(
    839Ôûò                 $this->getNameWithReadWriteType(),
    840Ôûò                 $query,
    841Ôûò                 $this->prepareBindings($bindings),
    842Ôûò                 $e,

  1   vendor\laravel\framework\src\Illuminate\Database\Connection.php:584
      PDOException::("SQLSTATE[42000]: Syntax error or access violation: 1059 Identifier name 'transaccion_inventarios_transaccion_referencia_type_transaccion_referencia_id_index' is too long")

  2   vendor\laravel\framework\src\Illuminate\Database\Connection.php:584
      PDOStatement::execute()

